<?xml version="1.0" encoding="UTF-8"?>
<testsuite name="ca.nrc.cadc.tap.writer.format.SPointFormatTest" tests="2" skipped="0" failures="0" errors="0" timestamp="2016-08-24T22:32:57" hostname="mach310.cadc.dao.nrc.ca" time="0.002">
  <properties/>
  <testcase name="testGetPosition" classname="ca.nrc.cadc.tap.writer.format.SPointFormatTest" time="0.001"/>
  <testcase name="testFormat" classname="ca.nrc.cadc.tap.writer.format.SPointFormatTest" time="0.0"/>
  <system-out><![CDATA[2016-08-24 15:32:57.567 [Test worker] INFO  SPointFormatTest  - testGetPosition passed
2016-08-24 15:32:57.568 [Test worker] INFO  SPointFormatTest  - testFormat passed
]]></system-out>
  <system-err><![CDATA[]]></system-err>
</testsuite>
