<?xml version="1.0" encoding="UTF-8"?>
<testsuite name="ca.nrc.cadc.tap.writer.format.SPolyFormatTest" tests="2" skipped="0" failures="0" errors="0" timestamp="2016-08-25T20:51:32" hostname="mach310.cadc.dao.nrc.ca" time="0.003">
  <properties/>
  <testcase name="testGetPosition" classname="ca.nrc.cadc.tap.writer.format.SPolyFormatTest" time="0.002"/>
  <testcase name="testFormat" classname="ca.nrc.cadc.tap.writer.format.SPolyFormatTest" time="0.0"/>
  <system-out><![CDATA[2016-08-25 13:51:32.511 [Test worker] INFO  SPointFormatTest  - testGetPolygon passed
2016-08-25 13:51:32.512 [Test worker] INFO  SPointFormatTest  - testFormat passed
]]></system-out>
  <system-err><![CDATA[]]></system-err>
</testsuite>
