<?xml version="1.0" encoding="UTF-8"?>
<testsuite name="ca.nrc.cadc.tap.writer.format.SCircleFormatTest" tests="2" skipped="0" failures="0" errors="0" timestamp="2016-08-25T20:51:32" hostname="mach310.cadc.dao.nrc.ca" time="0.007">
  <properties/>
  <testcase name="testGetCircle" classname="ca.nrc.cadc.tap.writer.format.SCircleFormatTest" time="0.003"/>
  <testcase name="testFormat" classname="ca.nrc.cadc.tap.writer.format.SCircleFormatTest" time="0.004"/>
  <system-out><![CDATA[2016-08-25 13:51:32.499 [Test worker] INFO  SCircleFormatTest  - testGetCircle passed
2016-08-25 13:51:32.502 [Test worker] INFO  SCircleFormatTest  - testFormat passed
]]></system-out>
  <system-err><![CDATA[]]></system-err>
</testsuite>
