<?xml version="1.0" encoding="UTF-8"?>
<testsuite name="ca.nrc.cadc.tap.integration.UploadManagerUploadTest" tests="1" skipped="0" failures="0" errors="0" timestamp="2016-08-24T22:32:57" hostname="mach310.cadc.dao.nrc.ca" time="0.0">
  <properties/>
  <testcase name="testUploadSingleParamPair" classname="ca.nrc.cadc.tap.integration.UploadManagerUploadTest" time="0.0"/>
  <system-out><![CDATA[]]></system-out>
  <system-err><![CDATA[]]></system-err>
</testsuite>
