<?xml version="1.0" encoding="UTF-8"?>
<testsuite name="ca.nrc.cadc.tap.upload.DatabaseDataTypeFactoryTest" tests="1" skipped="0" failures="0" errors="0" timestamp="2016-08-24T22:32:57" hostname="mach310.cadc.dao.nrc.ca" time="0.005">
  <properties/>
  <testcase name="testGetDatabaseDataType" classname="ca.nrc.cadc.tap.upload.DatabaseDataTypeFactoryTest" time="0.005"/>
  <system-out><![CDATA[2016-08-24 15:32:57.524 [Test worker] INFO  DatabaseDataTypeFactoryTest  - testGetDatabaseDataType passed.
]]></system-out>
  <system-err><![CDATA[]]></system-err>
</testsuite>
