<?xml version="1.0" encoding="UTF-8"?>
<testsuite name="ca.nrc.cadc.tap.writer.format.ByteArrayFormatTest" tests="1" skipped="0" failures="0" errors="0" timestamp="2016-08-25T20:51:32" hostname="mach310.cadc.dao.nrc.ca" time="0.005">
  <properties/>
  <testcase name="testFormat" classname="ca.nrc.cadc.tap.writer.format.ByteArrayFormatTest" time="0.005"/>
  <system-out><![CDATA[2016-08-25 13:51:32.468 [Test worker] INFO  ByteArrayFormatTest  - testFormat passed
]]></system-out>
  <system-err><![CDATA[]]></system-err>
</testsuite>
