<?xml version="1.0" encoding="UTF-8"?>
<testsuite name="ca.nrc.cadc.tap.upload.DatabaseDataTypeFactoryTest" tests="1" skipped="0" failures="0" errors="0" timestamp="2016-08-25T20:51:32" hostname="mach310.cadc.dao.nrc.ca" time="0.006">
  <properties/>
  <testcase name="testGetDatabaseDataType" classname="ca.nrc.cadc.tap.upload.DatabaseDataTypeFactoryTest" time="0.006"/>
  <system-out><![CDATA[2016-08-25 13:51:32.453 [Test worker] INFO  DatabaseDataTypeFactoryTest  - testGetDatabaseDataType passed.
]]></system-out>
  <system-err><![CDATA[]]></system-err>
</testsuite>
