<?xml version="1.0" encoding="UTF-8"?>
<testsuite name="ca.nrc.cadc.tap.writer.format.IntArrayFormatTest" tests="3" skipped="0" failures="0" errors="0" timestamp="2016-08-25T20:51:32" hostname="mach310.cadc.dao.nrc.ca" time="0.003">
  <properties/>
  <testcase name="testFormatPrimitiveInt" classname="ca.nrc.cadc.tap.writer.format.IntArrayFormatTest" time="0.002"/>
  <testcase name="testFormatWrappedInteger" classname="ca.nrc.cadc.tap.writer.format.IntArrayFormatTest" time="0.001"/>
  <testcase name="testFormat" classname="ca.nrc.cadc.tap.writer.format.IntArrayFormatTest" time="0.0"/>
  <system-out><![CDATA[2016-08-25 13:51:32.485 [Test worker] INFO  IntArrayFormatTest  - testFormatPrimitiveInt passed
2016-08-25 13:51:32.485 [Test worker] INFO  IntArrayFormatTest  - testFormatWrappedInteger passed
2016-08-25 13:51:32.486 [Test worker] INFO  IntArrayFormatTest  - testFormat passed
]]></system-out>
  <system-err><![CDATA[]]></system-err>
</testsuite>
