<?xml version="1.0" encoding="UTF-8"?>
<testsuite name="ca.nrc.cadc.tap.writer.format.LocalTimestampFormatTest" tests="2" skipped="0" failures="0" errors="0" timestamp="2016-08-24T22:32:57" hostname="mach310.cadc.dao.nrc.ca" time="0.003">
  <properties/>
  <testcase name="testFormatNull" classname="ca.nrc.cadc.tap.writer.format.LocalTimestampFormatTest" time="0.002"/>
  <testcase name="testFormatValue" classname="ca.nrc.cadc.tap.writer.format.LocalTimestampFormatTest" time="0.001"/>
  <system-out><![CDATA[2016-08-24 15:32:57.555 [Test worker] INFO  LocalTimestampFormatTest  - testFormat passed
2016-08-24 15:32:57.556 [Test worker] INFO  LocalTimestampFormatTest  - testFormat passed
]]></system-out>
  <system-err><![CDATA[]]></system-err>
</testsuite>
