<?xml version="1.0" encoding="UTF-8"?>
<testsuite name="ca.nrc.cadc.tap.parser.QuerySelectDeParserTest" tests="4" skipped="3" failures="0" errors="0" timestamp="2016-08-25T17:32:50" hostname="mach310.cadc.dao.nrc.ca" time="0.001">
  <properties/>
  <testcase name="testVisit_Table" classname="ca.nrc.cadc.tap.parser.QuerySelectDeParserTest" time="0.0">
    <skipped/>
  </testcase>
  <testcase name="testDeparseLimit" classname="ca.nrc.cadc.tap.parser.QuerySelectDeParserTest" time="0.001"/>
  <testcase name="testVisit_PlainSelect" classname="ca.nrc.cadc.tap.parser.QuerySelectDeParserTest" time="0.0">
    <skipped/>
  </testcase>
  <testcase name="testDeparseJoin" classname="ca.nrc.cadc.tap.parser.QuerySelectDeParserTest" time="0.0">
    <skipped/>
  </testcase>
  <system-out><![CDATA[]]></system-out>
  <system-err><![CDATA[]]></system-err>
</testsuite>
