<?xml version="1.0" encoding="UTF-8"?>
<testsuite name="ca.nrc.cadc.tap.parser.ColumnNameConverterTest" tests="5" skipped="0" failures="0" errors="0" timestamp="2016-08-25T17:32:50" hostname="mach310.cadc.dao.nrc.ca" time="0.007">
  <properties/>
  <testcase name="testAlias" classname="ca.nrc.cadc.tap.parser.ColumnNameConverterTest" time="0.002"/>
  <testcase name="testWhere" classname="ca.nrc.cadc.tap.parser.ColumnNameConverterTest" time="0.002"/>
  <testcase name="testJoin" classname="ca.nrc.cadc.tap.parser.ColumnNameConverterTest" time="0.001"/>
  <testcase name="testCaseInsensitive" classname="ca.nrc.cadc.tap.parser.ColumnNameConverterTest" time="0.001"/>
  <testcase name="testCaseSensitive" classname="ca.nrc.cadc.tap.parser.ColumnNameConverterTest" time="0.001"/>
  <system-out><![CDATA[]]></system-out>
  <system-err><![CDATA[]]></system-err>
</testsuite>
