<?xml version="1.0" encoding="UTF-8"?>
<testsuite name="ca.nrc.cadc.tap.parser.extractor.ExtractorTest" tests="14" skipped="0" failures="0" errors="0" timestamp="2016-08-25T17:32:50" hostname="mach310.cadc.dao.nrc.ca" time="0.007">
  <properties/>
  <testcase name="testColumnExpression" classname="ca.nrc.cadc.tap.parser.extractor.ExtractorTest" time="0.001"/>
  <testcase name="testFunctionWithConstantExpression" classname="ca.nrc.cadc.tap.parser.extractor.ExtractorTest" time="0.001"/>
  <testcase name="testFunctionWithConstantAndAliasExpression" classname="ca.nrc.cadc.tap.parser.extractor.ExtractorTest" time="0.0"/>
  <testcase name="testAll" classname="ca.nrc.cadc.tap.parser.extractor.ExtractorTest" time="0.001"/>
  <testcase name="testConstantWithAliasExpression" classname="ca.nrc.cadc.tap.parser.extractor.ExtractorTest" time="0.0"/>
  <testcase name="testArgumentDatatypeFunctionExpression" classname="ca.nrc.cadc.tap.parser.extractor.ExtractorTest" time="0.001"/>
  <testcase name="testAllColumnmsExpression" classname="ca.nrc.cadc.tap.parser.extractor.ExtractorTest" time="0.0"/>
  <testcase name="testQuotedCol" classname="ca.nrc.cadc.tap.parser.extractor.ExtractorTest" time="0.0"/>
  <testcase name="testAllTableColumnmsExpression" classname="ca.nrc.cadc.tap.parser.extractor.ExtractorTest" time="0.001"/>
  <testcase name="testRecursiveNestedFunctionExpression" classname="ca.nrc.cadc.tap.parser.extractor.ExtractorTest" time="0.0"/>
  <testcase name="testFunctionExpression" classname="ca.nrc.cadc.tap.parser.extractor.ExtractorTest" time="0.0"/>
  <testcase name="testNestedFunctionExpression" classname="ca.nrc.cadc.tap.parser.extractor.ExtractorTest" time="0.001"/>
  <testcase name="testNestedFunctionExpression2" classname="ca.nrc.cadc.tap.parser.extractor.ExtractorTest" time="0.0"/>
  <testcase name="testConstantExpression" classname="ca.nrc.cadc.tap.parser.extractor.ExtractorTest" time="0.0"/>
  <system-out><![CDATA[]]></system-out>
  <system-err><![CDATA[]]></system-err>
</testsuite>
