<?xml version="1.0" encoding="UTF-8"?>
<testsuite name="ca.nrc.cadc.tap.parser.NavigatorTest" tests="4" skipped="0" failures="0" errors="0" timestamp="2016-08-25T21:16:32" hostname="mach310.cadc.dao.nrc.ca" time="0.009">
  <properties/>
  <testcase name="testGoodOrderBy" classname="ca.nrc.cadc.tap.parser.NavigatorTest" time="0.005"/>
  <testcase name="testSubSelect" classname="ca.nrc.cadc.tap.parser.NavigatorTest" time="0.001"/>
  <testcase name="testSubselect" classname="ca.nrc.cadc.tap.parser.NavigatorTest" time="0.002"/>
  <testcase name="testAllColumns" classname="ca.nrc.cadc.tap.parser.NavigatorTest" time="0.001"/>
  <system-out><![CDATA[]]></system-out>
  <system-err><![CDATA[]]></system-err>
</testsuite>
