<?xml version="1.0" encoding="UTF-8"?>
<testsuite name="ca.nrc.cadc.tap.parser.TopConverterTest" tests="4" skipped="0" failures="0" errors="0" timestamp="2016-08-25T17:32:50" hostname="mach310.cadc.dao.nrc.ca" time="0.005">
  <properties/>
  <testcase name="testTop" classname="ca.nrc.cadc.tap.parser.TopConverterTest" time="0.001"/>
  <testcase name="testJoin" classname="ca.nrc.cadc.tap.parser.TopConverterTest" time="0.001"/>
  <testcase name="testTop0" classname="ca.nrc.cadc.tap.parser.TopConverterTest" time="0.001"/>
  <testcase name="testSubselect" classname="ca.nrc.cadc.tap.parser.TopConverterTest" time="0.001"/>
  <system-out><![CDATA[]]></system-out>
  <system-err><![CDATA[]]></system-err>
</testsuite>
