<?xml version="1.0" encoding="UTF-8"?>
<testsuite name="ca.nrc.cadc.tap.parser.schema.ExpressionValidatorTest" tests="4" skipped="0" failures="0" errors="0" timestamp="2016-08-25T17:32:50" hostname="mach310.cadc.dao.nrc.ca" time="0.0">
  <properties/>
  <testcase name="testVisitInvalidSubFunction" classname="ca.nrc.cadc.tap.parser.schema.ExpressionValidatorTest" time="0.0"/>
  <testcase name="testVisitValidFunction" classname="ca.nrc.cadc.tap.parser.schema.ExpressionValidatorTest" time="0.0"/>
  <testcase name="testVisitInvalidFunction" classname="ca.nrc.cadc.tap.parser.schema.ExpressionValidatorTest" time="0.0"/>
  <testcase name="testVisitValidSubFunction" classname="ca.nrc.cadc.tap.parser.schema.ExpressionValidatorTest" time="0.0"/>
  <system-out><![CDATA[]]></system-out>
  <system-err><![CDATA[]]></system-err>
</testsuite>
