<?xml version="1.0" encoding="UTF-8"?>
<testsuite name="ca.nrc.cadc.tap.parser.extractor.SelectListExpressionExtractorTest" tests="6" skipped="0" failures="0" errors="0" timestamp="2016-08-25T17:32:50" hostname="mach310.cadc.dao.nrc.ca" time="0.0">
  <properties/>
  <testcase name="testGetTapSchema" classname="ca.nrc.cadc.tap.parser.extractor.SelectListExpressionExtractorTest" time="0.0"/>
  <testcase name="testVisit_AllColumns" classname="ca.nrc.cadc.tap.parser.extractor.SelectListExpressionExtractorTest" time="0.0"/>
  <testcase name="testSetTapSchema" classname="ca.nrc.cadc.tap.parser.extractor.SelectListExpressionExtractorTest" time="0.0"/>
  <testcase name="testGetSelectList" classname="ca.nrc.cadc.tap.parser.extractor.SelectListExpressionExtractorTest" time="0.0"/>
  <testcase name="testSetSelectList" classname="ca.nrc.cadc.tap.parser.extractor.SelectListExpressionExtractorTest" time="0.0"/>
  <testcase name="testVisit_AllTableColumns" classname="ca.nrc.cadc.tap.parser.extractor.SelectListExpressionExtractorTest" time="0.0"/>
  <system-out><![CDATA[]]></system-out>
  <system-err><![CDATA[]]></system-err>
</testsuite>
