<?xml version="1.0" encoding="UTF-8"?>
<testsuite name="ca.nrc.cadc.tap.parser.TapSchemaValidatorTest" tests="2" skipped="0" failures="0" errors="0" timestamp="2016-08-25T17:32:50" hostname="mach310.cadc.dao.nrc.ca" time="0.001">
  <properties/>
  <testcase name="testQuotesColumn" classname="ca.nrc.cadc.tap.parser.TapSchemaValidatorTest" time="0.001"/>
  <testcase name="testExplicitSchema" classname="ca.nrc.cadc.tap.parser.TapSchemaValidatorTest" time="0.0"/>
  <system-out><![CDATA[]]></system-out>
  <system-err><![CDATA[]]></system-err>
</testsuite>
