<?xml version="1.0" encoding="UTF-8"?>
<testsuite name="ca.nrc.cadc.tap.parser.converter.postgresql.MatchConverterTest" tests="3" skipped="0" failures="0" errors="0" timestamp="2016-08-25T21:16:33" hostname="mach310.cadc.dao.nrc.ca" time="0.007">
  <properties/>
  <testcase name="testNotMatch" classname="ca.nrc.cadc.tap.parser.converter.postgresql.MatchConverterTest" time="0.005"/>
  <testcase name="testMatch" classname="ca.nrc.cadc.tap.parser.converter.postgresql.MatchConverterTest" time="0.001"/>
  <testcase name="testCountStar" classname="ca.nrc.cadc.tap.parser.converter.postgresql.MatchConverterTest" time="0.0"/>
  <system-out><![CDATA[]]></system-out>
  <system-err><![CDATA[]]></system-err>
</testsuite>
